<?xml version="1.0" encoding="UTF-8"?>
<testng-results skipped="0" failed="0" total="1" passed="1">
  <reporter-output>
  </reporter-output>
  <suite name="com.microsoft.automation.TestLogin" duration-ms="16219" started-at="2018-09-26T11:28:53Z" finished-at="2018-09-26T11:29:09Z">
    <groups>
    </groups>
    <test name="Command line test" duration-ms="16219" started-at="2018-09-26T11:28:53Z" finished-at="2018-09-26T11:29:09Z">
      <class name="com.microsoft.automation.TestLogin">
        <test-method status="PASS" signature="BeforeTest()[pri:0, instance:com.microsoft.automation.TestLogin@6442b0a6]" name="BeforeTest" is-config="true" duration-ms="13591" started-at="2018-09-26T16:58:53Z" finished-at="2018-09-26T16:59:06Z">
          <reporter-output>
          </reporter-output>
        </test-method> <!-- BeforeTest -->
        <test-method status="PASS" signature="LoginTest()[pri:0, instance:com.microsoft.automation.TestLogin@6442b0a6]" name="LoginTest" duration-ms="1369" started-at="2018-09-26T16:59:06Z" finished-at="2018-09-26T16:59:08Z">
          <reporter-output>
          </reporter-output>
        </test-method> <!-- LoginTest -->
        <test-method status="PASS" signature="AfterTest()[pri:0, instance:com.microsoft.automation.TestLogin@6442b0a6]" name="AfterTest" is-config="true" duration-ms="1244" started-at="2018-09-26T16:59:08Z" finished-at="2018-09-26T16:59:09Z">
          <reporter-output>
          </reporter-output>
        </test-method> <!-- AfterTest -->
      </class> <!-- com.microsoft.automation.TestLogin -->
    </test> <!-- Command line test -->
  </suite> <!-- com.microsoft.automation.TestLogin -->
</testng-results>
