<?xml version="1.0" encoding="UTF-8"?>
<testng-results skipped="0" failed="0" total="1" passed="1">
  <reporter-output>
  </reporter-output>
  <suite name="Default suite" duration-ms="11340" started-at="2018-09-26T10:19:11Z" finished-at="2018-09-26T10:19:22Z">
    <groups>
    </groups>
    <test name="Default test" duration-ms="11340" started-at="2018-09-26T10:19:11Z" finished-at="2018-09-26T10:19:22Z">
      <class name="com.microsoft.automation.TestLogin">
        <test-method status="PASS" signature="BeforeTest()[pri:0, instance:com.microsoft.automation.TestLogin@794cb805]" name="BeforeTest" is-config="true" duration-ms="9193" started-at="2018-09-26T15:49:11Z" finished-at="2018-09-26T15:49:20Z">
          <reporter-output>
          </reporter-output>
        </test-method> <!-- BeforeTest -->
        <test-method status="PASS" signature="LoginTest()[pri:0, instance:com.microsoft.automation.TestLogin@794cb805]" name="LoginTest" duration-ms="1433" started-at="2018-09-26T15:49:20Z" finished-at="2018-09-26T15:49:22Z">
          <reporter-output>
          </reporter-output>
        </test-method> <!-- LoginTest -->
        <test-method status="PASS" signature="AfterTest()[pri:0, instance:com.microsoft.automation.TestLogin@794cb805]" name="AfterTest" is-config="true" duration-ms="692" started-at="2018-09-26T15:49:22Z" finished-at="2018-09-26T15:49:22Z">
          <reporter-output>
          </reporter-output>
        </test-method> <!-- AfterTest -->
      </class> <!-- com.microsoft.automation.TestLogin -->
    </test> <!-- Default test -->
  </suite> <!-- Default suite -->
</testng-results>
